{"/home/ctrlz/twit2/svc-posts/src/PostsMgr.ts": {"path":"/home/ctrlz/twit2/svc-posts/src/PostsMgr.ts","statementMap":{"0":{"start":{"line":1,"column":0},"end":{"line":1,"column":102}},"1":{"start":{"line":2,"column":0},"end":{"line":2,"column":42}},"2":{"start":{"line":7,"column":0},"end":{"line":7,"column":22}},"3":{"start":{"line":15,"column":12},"end":{"line":15,"column":21}},"4":{"start":{"line":16,"column":18},"end":{"line":16,"column":20}},"5":{"start":{"line":18,"column":25},"end":{"line":27,"column":2}},"6":{"start":{"line":29,"column":25},"end":{"line":38,"column":2}},"7":{"start":{"line":40,"column":22},"end":{"line":48,"column":2}},"8":{"start":{"line":50,"column":28},"end":{"line":57,"column":null}},"9":{"start":{"line":59,"column":25},"end":{"line":67,"column":2}},"10":{"start":{"line":73,"column":4},"end":{"line":73,"column":19}},"11":{"start":{"line":72,"column":0},"end":{"line":72,"column":22}},"12":{"start":{"line":82,"column":4},"end":{"line":83,"column":71}},"13":{"start":{"line":83,"column":8},"end":{"line":83,"column":71}},"14":{"start":{"line":86,"column":32},"end":{"line":96,"column":6}},"15":{"start":{"line":99,"column":4},"end":{"line":102,"column":null}},"16":{"start":{"line":100,"column":8},"end":{"line":101,"column":64}},"17":{"start":{"line":101,"column":12},"end":{"line":101,"column":64}},"18":{"start":{"line":104,"column":4},"end":{"line":104,"column":38}},"19":{"start":{"line":105,"column":4},"end":{"line":105,"column":16}},"20":{"start":{"line":114,"column":4},"end":{"line":115,"column":71}},"21":{"start":{"line":115,"column":8},"end":{"line":115,"column":71}},"22":{"start":{"line":117,"column":4},"end":{"line":121,"column":6}},"23":{"start":{"line":120,"column":84},"end":{"line":120,"column":107}},"24":{"start":{"line":130,"column":4},"end":{"line":131,"column":71}},"25":{"start":{"line":131,"column":8},"end":{"line":131,"column":71}},"26":{"start":{"line":133,"column":4},"end":{"line":137,"column":6}},"27":{"start":{"line":136,"column":79},"end":{"line":136,"column":102}},"28":{"start":{"line":146,"column":4},"end":{"line":147,"column":71}},"29":{"start":{"line":147,"column":8},"end":{"line":147,"column":71}},"30":{"start":{"line":149,"column":4},"end":{"line":153,"column":6}},"31":{"start":{"line":152,"column":86},"end":{"line":152,"column":109}},"32":{"start":{"line":161,"column":4},"end":{"line":161,"column":45}},"33":{"start":{"line":169,"column":14},"end":{"line":169,"column":35}},"34":{"start":{"line":171,"column":4},"end":{"line":172,"column":60}},"35":{"start":{"line":172,"column":8},"end":{"line":172,"column":60}},"36":{"start":{"line":174,"column":4},"end":{"line":174,"column":26}},"37":{"start":{"line":182,"column":17},"end":{"line":182,"column":41}},"38":{"start":{"line":184,"column":4},"end":{"line":185,"column":60}},"39":{"start":{"line":185,"column":8},"end":{"line":185,"column":60}},"40":{"start":{"line":188,"column":4},"end":{"line":189,"column":64}},"41":{"start":{"line":189,"column":8},"end":{"line":189,"column":64}},"42":{"start":{"line":192,"column":4},"end":{"line":196,"column":null}},"43":{"start":{"line":195,"column":8},"end":{"line":195,"column":44}},"44":{"start":{"line":198,"column":4},"end":{"line":198,"column":39}},"45":{"start":{"line":206,"column":17},"end":{"line":206,"column":41}},"46":{"start":{"line":208,"column":4},"end":{"line":209,"column":60}},"47":{"start":{"line":209,"column":8},"end":{"line":209,"column":60}},"48":{"start":{"line":212,"column":4},"end":{"line":213,"column":64}},"49":{"start":{"line":213,"column":8},"end":{"line":213,"column":64}},"50":{"start":{"line":215,"column":4},"end":{"line":216,"column":71}},"51":{"start":{"line":216,"column":8},"end":{"line":216,"column":71}},"52":{"start":{"line":218,"column":4},"end":{"line":218,"column":73}},"53":{"start":{"line":226,"column":4},"end":{"line":227,"column":53}},"54":{"start":{"line":227,"column":8},"end":{"line":227,"column":53}},"55":{"start":{"line":229,"column":4},"end":{"line":236,"column":null}},"56":{"start":{"line":240,"column":13},"end":{"line":251,"column":null}}},"fnMap":{"0":{"name":"prepareRPC","decl":{"start":{"line":72,"column":22},"end":{"line":72,"column":32}},"loc":{"start":{"line":72,"column":48},"end":{"line":74,"column":null}}},"1":{"name":"createPost","decl":{"start":{"line":80,"column":15},"end":{"line":80,"column":25}},"loc":{"start":{"line":80,"column":42},"end":{"line":106,"column":null}}},"2":{"name":"getPosts","decl":{"start":{"line":112,"column":15},"end":{"line":112,"column":23}},"loc":{"start":{"line":112,"column":42},"end":{"line":122,"column":null}}},"3":{"name":"(anonymous_14)","decl":{"start":{"line":120,"column":77},"end":{"line":120,"column":78}},"loc":{"start":{"line":120,"column":84},"end":{"line":120,"column":107}}},"4":{"name":"getLatestPosts","decl":{"start":{"line":128,"column":15},"end":{"line":128,"column":29}},"loc":{"start":{"line":128,"column":48},"end":{"line":138,"column":null}}},"5":{"name":"(anonymous_17)","decl":{"start":{"line":136,"column":72},"end":{"line":136,"column":73}},"loc":{"start":{"line":136,"column":79},"end":{"line":136,"column":102}}},"6":{"name":"getReplies","decl":{"start":{"line":144,"column":15},"end":{"line":144,"column":25}},"loc":{"start":{"line":144,"column":45},"end":{"line":154,"column":null}}},"7":{"name":"(anonymous_20)","decl":{"start":{"line":152,"column":79},"end":{"line":152,"column":80}},"loc":{"start":{"line":152,"column":86},"end":{"line":152,"column":109}}},"8":{"name":"getPostById","decl":{"start":{"line":160,"column":15},"end":{"line":160,"column":26}},"loc":{"start":{"line":160,"column":37},"end":{"line":162,"column":null}}},"9":{"name":"getEnhancedPost","decl":{"start":{"line":168,"column":15},"end":{"line":168,"column":30}},"loc":{"start":{"line":168,"column":41},"end":{"line":175,"column":null}}},"10":{"name":"deletePost","decl":{"start":{"line":181,"column":15},"end":{"line":181,"column":25}},"loc":{"start":{"line":181,"column":42},"end":{"line":199,"column":null}}},"11":{"name":"editPost","decl":{"start":{"line":205,"column":15},"end":{"line":205,"column":23}},"loc":{"start":{"line":205,"column":38},"end":{"line":219,"column":null}}},"12":{"name":"enhancePost","decl":{"start":{"line":225,"column":9},"end":{"line":225,"column":20}},"loc":{"start":{"line":225,"column":28},"end":{"line":238,"column":1}}}},"branchMap":{"0":{"loc":{"start":{"line":82,"column":4},"end":{"line":83,"column":71}},"type":"if","locations":[{"start":{"line":82,"column":4},"end":{"line":83,"column":71}}]},"1":{"loc":{"start":{"line":99,"column":4},"end":{"line":102,"column":null}},"type":"if","locations":[{"start":{"line":99,"column":4},"end":{"line":102,"column":null}}]},"2":{"loc":{"start":{"line":100,"column":8},"end":{"line":101,"column":64}},"type":"if","locations":[{"start":{"line":100,"column":8},"end":{"line":101,"column":64}}]},"3":{"loc":{"start":{"line":114,"column":4},"end":{"line":115,"column":71}},"type":"if","locations":[{"start":{"line":114,"column":4},"end":{"line":115,"column":71}}]},"4":{"loc":{"start":{"line":130,"column":4},"end":{"line":131,"column":71}},"type":"if","locations":[{"start":{"line":130,"column":4},"end":{"line":131,"column":71}}]},"5":{"loc":{"start":{"line":146,"column":4},"end":{"line":147,"column":71}},"type":"if","locations":[{"start":{"line":146,"column":4},"end":{"line":147,"column":71}}]},"6":{"loc":{"start":{"line":171,"column":4},"end":{"line":172,"column":60}},"type":"if","locations":[{"start":{"line":171,"column":4},"end":{"line":172,"column":60}}]},"7":{"loc":{"start":{"line":184,"column":4},"end":{"line":185,"column":60}},"type":"if","locations":[{"start":{"line":184,"column":4},"end":{"line":185,"column":60}}]},"8":{"loc":{"start":{"line":188,"column":4},"end":{"line":189,"column":64}},"type":"if","locations":[{"start":{"line":188,"column":4},"end":{"line":189,"column":64}}]},"9":{"loc":{"start":{"line":192,"column":4},"end":{"line":196,"column":null}},"type":"if","locations":[{"start":{"line":192,"column":4},"end":{"line":196,"column":null}}]},"10":{"loc":{"start":{"line":208,"column":4},"end":{"line":209,"column":60}},"type":"if","locations":[{"start":{"line":208,"column":4},"end":{"line":209,"column":60}}]},"11":{"loc":{"start":{"line":212,"column":4},"end":{"line":213,"column":64}},"type":"if","locations":[{"start":{"line":212,"column":4},"end":{"line":213,"column":64}}]},"12":{"loc":{"start":{"line":215,"column":4},"end":{"line":216,"column":71}},"type":"if","locations":[{"start":{"line":215,"column":4},"end":{"line":216,"column":71}}]},"13":{"loc":{"start":{"line":226,"column":4},"end":{"line":227,"column":53}},"type":"if","locations":[{"start":{"line":226,"column":4},"end":{"line":227,"column":53}}]}},"s":{"0":1,"1":1,"2":1,"3":1,"4":1,"5":1,"6":1,"7":1,"8":1,"9":1,"10":0,"11":1,"12":0,"13":0,"14":0,"15":0,"16":0,"17":0,"18":0,"19":0,"20":0,"21":0,"22":0,"23":0,"24":0,"25":0,"26":0,"27":0,"28":0,"29":0,"30":0,"31":0,"32":0,"33":0,"34":0,"35":0,"36":0,"37":0,"38":0,"39":0,"40":0,"41":0,"42":0,"43":0,"44":0,"45":0,"46":0,"47":0,"48":0,"49":0,"50":0,"51":0,"52":0,"53":0,"54":0,"55":0,"56":1},"f":{"0":0,"1":0,"2":0,"3":0,"4":0,"5":0,"6":0,"7":0,"8":0,"9":0,"10":0,"11":0,"12":0},"b":{"0":[0],"1":[0],"2":[0],"3":[0],"4":[0],"5":[0],"6":[0],"7":[0],"8":[0],"9":[0],"10":[0],"11":[0],"12":[0],"13":[0]}}
,"/home/ctrlz/twit2/svc-posts/src/PostsStore.ts": {"path":"/home/ctrlz/twit2/svc-posts/src/PostsStore.ts","statementMap":{"0":{"start":{"line":1,"column":0},"end":{"line":1,"column":32}},"1":{"start":{"line":2,"column":0},"end":{"line":2,"column":47}},"2":{"start":{"line":9,"column":4},"end":{"line":10,"column":80}},"3":{"start":{"line":10,"column":8},"end":{"line":10,"column":80}},"4":{"start":{"line":13,"column":4},"end":{"line":20,"column":null}},"5":{"start":{"line":14,"column":8},"end":{"line":14,"column":62}},"6":{"start":{"line":15,"column":8},"end":{"line":15,"column":79}},"7":{"start":{"line":16,"column":8},"end":{"line":16,"column":46}},"8":{"start":{"line":18,"column":8},"end":{"line":18,"column":60}},"9":{"start":{"line":19,"column":8},"end":{"line":19,"column":15}},"10":{"start":{"line":23,"column":4},"end":{"line":23,"column":27}},"11":{"start":{"line":31,"column":4},"end":{"line":31,"column":37}},"12":{"start":{"line":39,"column":4},"end":{"line":39,"column":52}},"13":{"start":{"line":47,"column":4},"end":{"line":47,"column":50}},"14":{"start":{"line":54,"column":4},"end":{"line":54,"column":133}},"15":{"start":{"line":61,"column":4},"end":{"line":61,"column":115}},"16":{"start":{"line":68,"column":4},"end":{"line":68,"column":112}},"17":{"start":{"line":76,"column":4},"end":{"line":76,"column":56}},"18":{"start":{"line":85,"column":17},"end":{"line":85,"column":48}},"19":{"start":{"line":87,"column":4},"end":{"line":88,"column":48}},"20":{"start":{"line":88,"column":8},"end":{"line":88,"column":48}},"21":{"start":{"line":90,"column":4},"end":{"line":90,"column":35}},"22":{"start":{"line":91,"column":4},"end":{"line":91,"column":33}},"23":{"start":{"line":93,"column":4},"end":{"line":93,"column":22}},"24":{"start":{"line":94,"column":4},"end":{"line":94,"column":25}},"25":{"start":{"line":97,"column":13},"end":{"line":107,"column":null}}},"fnMap":{"0":{"name":"init","decl":{"start":{"line":8,"column":15},"end":{"line":8,"column":19}},"loc":{"start":{"line":8,"column":19},"end":{"line":24,"column":null}}},"1":{"name":"createPost","decl":{"start":{"line":30,"column":15},"end":{"line":30,"column":25}},"loc":{"start":{"line":30,"column":36},"end":{"line":32,"column":null}}},"2":{"name":"deletePost","decl":{"start":{"line":38,"column":15},"end":{"line":38,"column":25}},"loc":{"start":{"line":38,"column":36},"end":{"line":40,"column":null}}},"3":{"name":"findPostById","decl":{"start":{"line":46,"column":15},"end":{"line":46,"column":27}},"loc":{"start":{"line":46,"column":38},"end":{"line":48,"column":null}}},"4":{"name":"getPosts","decl":{"start":{"line":53,"column":15},"end":{"line":53,"column":23}},"loc":{"start":{"line":53,"column":67},"end":{"line":55,"column":null}}},"5":{"name":"getLatestPosts","decl":{"start":{"line":60,"column":15},"end":{"line":60,"column":29}},"loc":{"start":{"line":60,"column":57},"end":{"line":62,"column":null}}},"6":{"name":"getReplies","decl":{"start":{"line":67,"column":15},"end":{"line":67,"column":25}},"loc":{"start":{"line":67,"column":69},"end":{"line":69,"column":null}}},"7":{"name":"getReplyCount","decl":{"start":{"line":75,"column":15},"end":{"line":75,"column":28}},"loc":{"start":{"line":75,"column":43},"end":{"line":77,"column":null}}},"8":{"name":"editPost","decl":{"start":{"line":84,"column":15},"end":{"line":84,"column":23}},"loc":{"start":{"line":84,"column":55},"end":{"line":95,"column":null}}}},"branchMap":{"0":{"loc":{"start":{"line":9,"column":4},"end":{"line":10,"column":80}},"type":"if","locations":[{"start":{"line":9,"column":4},"end":{"line":10,"column":80}}]},"1":{"loc":{"start":{"line":87,"column":4},"end":{"line":88,"column":48}},"type":"if","locations":[{"start":{"line":87,"column":4},"end":{"line":88,"column":48}}]}},"s":{"0":1,"1":1,"2":0,"3":0,"4":0,"5":0,"6":0,"7":0,"8":0,"9":0,"10":0,"11":0,"12":0,"13":0,"14":0,"15":0,"16":0,"17":0,"18":0,"19":0,"20":0,"21":0,"22":0,"23":0,"24":0,"25":1},"f":{"0":0,"1":0,"2":0,"3":0,"4":0,"5":0,"6":0,"7":0,"8":0},"b":{"0":[0],"1":[0]}}
}
