TN:
SF:src/PostsMgr.ts
FN:72,prepareRPC
FN:80,createPost
FN:112,getPosts
FN:120,(anonymous_14)
FN:128,getLatestPosts
FN:136,(anonymous_17)
FN:144,getReplies
FN:152,(anonymous_20)
FN:160,getPostById
FN:168,getEnhancedPost
FN:181,deletePost
FN:205,editPost
FN:225,enhancePost
FNF:13
FNH:0
FNDA:0,prepareRPC
FNDA:0,createPost
FNDA:0,getPosts
FNDA:0,(anonymous_14)
FNDA:0,getLatestPosts
FNDA:0,(anonymous_17)
FNDA:0,getReplies
FNDA:0,(anonymous_20)
FNDA:0,getPostById
FNDA:0,getEnhancedPost
FNDA:0,deletePost
FNDA:0,editPost
FNDA:0,enhancePost
DA:1,1
DA:2,1
DA:7,1
DA:15,1
DA:16,1
DA:18,1
DA:29,1
DA:40,1
DA:50,1
DA:59,1
DA:72,1
DA:73,0
DA:82,0
DA:83,0
DA:86,0
DA:99,0
DA:100,0
DA:101,0
DA:104,0
DA:105,0
DA:114,0
DA:115,0
DA:117,0
DA:120,0
DA:130,0
DA:131,0
DA:133,0
DA:136,0
DA:146,0
DA:147,0
DA:149,0
DA:152,0
DA:161,0
DA:169,0
DA:171,0
DA:172,0
DA:174,0
DA:182,0
DA:184,0
DA:185,0
DA:188,0
DA:189,0
DA:192,0
DA:195,0
DA:198,0
DA:206,0
DA:208,0
DA:209,0
DA:212,0
DA:213,0
DA:215,0
DA:216,0
DA:218,0
DA:226,0
DA:227,0
DA:229,0
DA:240,1
LF:57
LH:12
BRDA:82,0,0,0
BRDA:99,1,0,0
BRDA:100,2,0,0
BRDA:114,3,0,0
BRDA:130,4,0,0
BRDA:146,5,0,0
BRDA:171,6,0,0
BRDA:184,7,0,0
BRDA:188,8,0,0
BRDA:192,9,0,0
BRDA:208,10,0,0
BRDA:212,11,0,0
BRDA:215,12,0,0
BRDA:226,13,0,0
BRF:14
BRH:0
end_of_record
TN:
SF:src/PostsStore.ts
FN:8,init
FN:30,createPost
FN:38,deletePost
FN:46,findPostById
FN:53,getPosts
FN:60,getLatestPosts
FN:67,getReplies
FN:75,getReplyCount
FN:84,editPost
FNF:9
FNH:0
FNDA:0,init
FNDA:0,createPost
FNDA:0,deletePost
FNDA:0,findPostById
FNDA:0,getPosts
FNDA:0,getLatestPosts
FNDA:0,getReplies
FNDA:0,getReplyCount
FNDA:0,editPost
DA:1,1
DA:2,1
DA:9,0
DA:10,0
DA:13,0
DA:14,0
DA:15,0
DA:16,0
DA:18,0
DA:19,0
DA:23,0
DA:31,0
DA:39,0
DA:47,0
DA:54,0
DA:61,0
DA:68,0
DA:76,0
DA:85,0
DA:87,0
DA:88,0
DA:90,0
DA:91,0
DA:93,0
DA:94,0
DA:97,1
LF:26
LH:3
BRDA:9,0,0,0
BRDA:87,1,0,0
BRF:2
BRH:0
end_of_record
